[Wed Jan 06 05:49:47.148535 2021] [mpm_event:notice] [pid 2434:tid 139647168684800] AH00489: Apache/2.4.29 (Ubuntu) configured -- resuming normal operations
[Wed Jan 06 05:49:47.148759 2021] [core:notice] [pid 2434:tid 139647168684800] AH00094: Command line: '/home/runner/.apt/usr/sbin/apache2 -f /home/runner/cdn/apache2/apache2.conf -D FOREGROUND'
[Wed Jan 06 05:50:04.829543 2021] [authz_core:error] [pid 2435:tid 139647028029184] [client 172.18.0.1:48038] AH01630: client denied by server configuration: /home/runner/cdn/.htaccess
[Wed Jan 06 05:50:35.720065 2021] [authz_core:error] [pid 2437:tid 139646994458368] [client 172.18.0.1:49920] AH01630: client denied by server configuration: /home/runner/cdn/.htaccess
[Wed Jan 06 05:50:36.362549 2021] [authz_core:error] [pid 2437:tid 139646902204160] [client 172.18.0.1:49920] AH01630: client denied by server configuration: /home/runner/cdn/.htaccess
[Wed Jan 06 05:50:37.458890 2021] [authz_core:error] [pid 2437:tid 139646893811456] [client 172.18.0.1:49920] AH01630: client denied by server configuration: /home/runner/cdn/.htaccess
[Wed Jan 06 05:54:57.906100 2021] [mpm_event:notice] [pid 2434:tid 139647168684800] AH00491: caught SIGTERM, shutting down
[Wed Jan 06 05:54:58.942976 2021] [mpm_event:notice] [pid 2568:tid 139628548391680] AH00489: Apache/2.4.29 (Ubuntu) configured -- resuming normal operations
[Wed Jan 06 05:54:58.943178 2021] [core:notice] [pid 2568:tid 139628548391680] AH00094: Command line: '/home/runner/.apt/usr/sbin/apache2 -f /home/runner/cdn/apache2/apache2.conf -D FOREGROUND'
[Wed Jan 06 05:58:19.318969 2021] [mpm_event:notice] [pid 2568:tid 139628548391680] AH00492: caught SIGWINCH, shutting down gracefully
[Wed Jan 06 06:00:18.054927 2021] [mpm_event:notice] [pid 2708:tid 140112987853568] AH00489: Apache/2.4.29 (Ubuntu) configured -- resuming normal operations
[Wed Jan 06 06:00:18.055252 2021] [core:notice] [pid 2708:tid 140112987853568] AH00094: Command line: '/home/runner/.apt/usr/sbin/apache2 -f /home/runner/cdn/apache2/apache2.conf -D FOREGROUND'
[Wed Jan 06 06:01:50.646271 2021] [mpm_event:notice] [pid 2708:tid 140112987853568] AH00491: caught SIGTERM, shutting down
[Wed Jan 06 06:01:51.853720 2021] [mpm_event:notice] [pid 2812:tid 140401678205696] AH00489: Apache/2.4.29 (Ubuntu) configured -- resuming normal operations
[Wed Jan 06 06:01:51.854487 2021] [core:notice] [pid 2812:tid 140401678205696] AH00094: Command line: '/home/runner/.apt/usr/sbin/apache2 -f /home/runner/cdn/apache2/apache2.conf -D FOREGROUND'
[Wed Jan 06 06:10:36.060581 2021] [mpm_event:notice] [pid 2812:tid 140401678205696] AH00491: caught SIGTERM, shutting down
[Wed Jan 06 06:10:37.005455 2021] [mpm_event:notice] [pid 2960:tid 140544595276544] AH00489: Apache/2.4.29 (Ubuntu) configured -- resuming normal operations
[Wed Jan 06 06:10:37.005694 2021] [core:notice] [pid 2960:tid 140544595276544] AH00094: Command line: '/home/runner/.apt/usr/sbin/apache2 -f /home/runner/cdn/apache2/apache2.conf -D FOREGROUND'
[Fri Jan 08 20:23:42.412154 2021] [core:warn] [pid 1524:tid 139765201937152] AH00098: pid file /home/runner/cdn/apache2/apache2.pid overwritten -- Unclean shutdown of previous Apache run?
[Fri Jan 08 20:23:42.417707 2021] [mpm_event:notice] [pid 1524:tid 139765201937152] AH00489: Apache/2.4.29 (Ubuntu) configured -- resuming normal operations
[Fri Jan 08 20:23:42.417742 2021] [core:notice] [pid 1524:tid 139765201937152] AH00094: Command line: '/home/runner/.apt/usr/sbin/apache2 -f /home/runner/cdn/apache2/apache2.conf -D FOREGROUND'
[Sat Jan 09 00:12:54.675406 2021] [mpm_event:notice] [pid 1524:tid 139765201937152] AH00492: caught SIGWINCH, shutting down gracefully
[Sat Jan 23 13:35:00.049420 2021] [mpm_event:notice] [pid 1522:tid 140102869044160] AH00489: Apache/2.4.29 (Ubuntu) configured -- resuming normal operations
[Sat Jan 23 13:35:00.049965 2021] [core:notice] [pid 1522:tid 140102869044160] AH00094: Command line: '/home/runner/.apt/usr/sbin/apache2 -f /home/runner/cdn/apache2/apache2.conf -D FOREGROUND'
[Sat Jan 23 17:09:11.476391 2021] [mpm_event:notice] [pid 1522:tid 140102869044160] AH00492: caught SIGWINCH, shutting down gracefully
[Sat Jan 23 17:10:06.323217 2021] [mpm_event:notice] [pid 1622:tid 139718294162368] AH00489: Apache/2.4.29 (Ubuntu) configured -- resuming normal operations
[Sat Jan 23 17:10:06.323403 2021] [core:notice] [pid 1622:tid 139718294162368] AH00094: Command line: '/home/runner/.apt/usr/sbin/apache2 -f /home/runner/cdn/apache2/apache2.conf -D FOREGROUND'
[Sat Jan 23 17:12:31.687760 2021] [core:warn] [pid 1523:tid 140570370210752] AH00098: pid file /home/runner/cdn/apache2/apache2.pid overwritten -- Unclean shutdown of previous Apache run?
[Sat Jan 23 17:12:31.689352 2021] [mpm_event:notice] [pid 1523:tid 140570370210752] AH00489: Apache/2.4.29 (Ubuntu) configured -- resuming normal operations
[Sat Jan 23 17:12:31.689441 2021] [core:notice] [pid 1523:tid 140570370210752] AH00094: Command line: '/home/runner/.apt/usr/sbin/apache2 -f /home/runner/cdn/apache2/apache2.conf -D FOREGROUND'
[Sat Jan 23 17:19:14.327632 2021] [mpm_event:notice] [pid 1523:tid 140570370210752] AH00492: caught SIGWINCH, shutting down gracefully
[Sat Jan 23 19:09:17.242184 2021] [mpm_event:notice] [pid 2618:tid 139710354594752] AH00489: Apache/2.4.29 (Ubuntu) configured -- resuming normal operations
[Sat Jan 23 19:09:17.242409 2021] [core:notice] [pid 2618:tid 139710354594752] AH00094: Command line: '/home/runner/.apt/usr/sbin/apache2 -f /home/runner/cdn/apache2/apache2.conf -D FOREGROUND'
[Sat Jan 23 19:09:27.355505 2021] [mpm_event:notice] [pid 2618:tid 139710354594752] AH00491: caught SIGTERM, shutting down
[Sat Jan 23 19:12:08.366307 2021] [mpm_event:notice] [pid 1536:tid 140391445363648] AH00489: Apache/2.4.29 (Ubuntu) configured -- resuming normal operations
[Sat Jan 23 19:12:08.368203 2021] [core:notice] [pid 1536:tid 140391445363648] AH00094: Command line: '/home/runner/.apt/usr/sbin/apache2 -f /home/runner/cdn/apache2/apache2.conf -D FOREGROUND'
[Mon Jan 25 18:11:49.640469 2021] [core:warn] [pid 1522:tid 139692425255872] AH00098: pid file /home/runner/cdn/apache2/apache2.pid overwritten -- Unclean shutdown of previous Apache run?
[Mon Jan 25 18:11:49.642504 2021] [mpm_event:notice] [pid 1522:tid 139692425255872] AH00489: Apache/2.4.29 (Ubuntu) configured -- resuming normal operations
[Mon Jan 25 18:11:49.642536 2021] [core:notice] [pid 1522:tid 139692425255872] AH00094: Command line: '/home/runner/.apt/usr/sbin/apache2 -f /home/runner/cdn/apache2/apache2.conf -D FOREGROUND'
[Mon Jan 25 18:14:30.120717 2021] [mpm_event:notice] [pid 1522:tid 139692425255872] AH00492: caught SIGWINCH, shutting down gracefully
[Mon Feb 01 18:29:35.211852 2021] [mpm_event:notice] [pid 1523:tid 140544839363520] AH00489: Apache/2.4.29 (Ubuntu) configured -- resuming normal operations
[Mon Feb 01 18:29:35.219095 2021] [core:notice] [pid 1523:tid 140544839363520] AH00094: Command line: '/home/runner/.apt/usr/sbin/apache2 -f /home/runner/cdn/apache2/apache2.conf -D FOREGROUND'
[Mon Feb 01 19:27:05.926373 2021] [mpm_event:notice] [pid 1523:tid 140544839363520] AH00492: caught SIGWINCH, shutting down gracefully
[Mon Feb 01 19:27:57.530694 2021] [mpm_event:notice] [pid 1623:tid 140218978933696] AH00489: Apache/2.4.29 (Ubuntu) configured -- resuming normal operations
[Mon Feb 01 19:27:57.530888 2021] [core:notice] [pid 1623:tid 140218978933696] AH00094: Command line: '/home/runner/.apt/usr/sbin/apache2 -f /home/runner/cdn/apache2/apache2.conf -D FOREGROUND'
[Sun Feb 07 16:23:52.582999 2021] [core:warn] [pid 1522:tid 140523121916864] AH00098: pid file /home/runner/cdn/apache2/apache2.pid overwritten -- Unclean shutdown of previous Apache run?
[Sun Feb 07 16:23:52.586610 2021] [mpm_event:notice] [pid 1522:tid 140523121916864] AH00489: Apache/2.4.29 (Ubuntu) configured -- resuming normal operations
[Sun Feb 07 16:23:52.586658 2021] [core:notice] [pid 1522:tid 140523121916864] AH00094: Command line: '/home/runner/.apt/usr/sbin/apache2 -f /home/runner/cdn/apache2/apache2.conf -D FOREGROUND'
[Sun Feb 07 20:15:43.254848 2021] [mpm_event:notice] [pid 1522:tid 140523121916864] AH00492: caught SIGWINCH, shutting down gracefully
[Sun Feb 07 20:15:51.074616 2021] [mpm_event:notice] [pid 1649:tid 140643133909952] AH00489: Apache/2.4.29 (Ubuntu) configured -- resuming normal operations
[Sun Feb 07 20:15:51.074805 2021] [core:notice] [pid 1649:tid 140643133909952] AH00094: Command line: '/home/runner/.apt/usr/sbin/apache2 -f /home/runner/cdn/apache2/apache2.conf -D FOREGROUND'
[Sun Feb 07 20:37:11.274020 2021] [mpm_event:notice] [pid 1649:tid 140643133909952] AH00492: caught SIGWINCH, shutting down gracefully
[Sun Feb 07 20:37:22.029412 2021] [mpm_event:notice] [pid 1774:tid 139841186089920] AH00489: Apache/2.4.29 (Ubuntu) configured -- resuming normal operations
[Sun Feb 07 20:37:22.029719 2021] [core:notice] [pid 1774:tid 139841186089920] AH00094: Command line: '/home/runner/.apt/usr/sbin/apache2 -f /home/runner/cdn/apache2/apache2.conf -D FOREGROUND'
[Sun Feb 07 20:42:21.212333 2021] [mpm_event:notice] [pid 1774:tid 139841186089920] AH00491: caught SIGTERM, shutting down
[Sun Feb 07 20:42:28.072181 2021] [mpm_event:notice] [pid 1972:tid 139705814289344] AH00489: Apache/2.4.29 (Ubuntu) configured -- resuming normal operations
[Sun Feb 07 20:42:28.072548 2021] [core:notice] [pid 1972:tid 139705814289344] AH00094: Command line: '/home/runner/.apt/usr/sbin/apache2 -f /home/runner/cdn/apache2/apache2.conf -D FOREGROUND'
[Tue Feb 09 18:45:46.447615 2021] [core:warn] [pid 1522:tid 140499847191488] AH00098: pid file /home/runner/cdn/apache2/apache2.pid overwritten -- Unclean shutdown of previous Apache run?
[Tue Feb 09 18:45:46.462644 2021] [mpm_event:notice] [pid 1522:tid 140499847191488] AH00489: Apache/2.4.29 (Ubuntu) configured -- resuming normal operations
[Tue Feb 09 18:45:46.462701 2021] [core:notice] [pid 1522:tid 140499847191488] AH00094: Command line: '/home/runner/.apt/usr/sbin/apache2 -f /home/runner/cdn/apache2/apache2.conf -D FOREGROUND'
[Tue Feb 09 19:09:17.260473 2021] [mpm_event:notice] [pid 1522:tid 140499847191488] AH00492: caught SIGWINCH, shutting down gracefully
[Tue Feb 09 19:09:23.797548 2021] [mpm_event:notice] [pid 1628:tid 139735595363264] AH00489: Apache/2.4.29 (Ubuntu) configured -- resuming normal operations
[Tue Feb 09 19:09:23.797755 2021] [core:notice] [pid 1628:tid 139735595363264] AH00094: Command line: '/home/runner/.apt/usr/sbin/apache2 -f /home/runner/cdn/apache2/apache2.conf -D FOREGROUND'
